[2.518s] DEBUG:colcon:Command line arguments: ['/home/genesis/miniconda3/bin/colcon', 'build', '--packages-select', 'learning_based_vehicle_calibration']
[2.518s] DEBUG:colcon:Parsed command line arguments: Namespace(log_base=None, log_level=None, verb_name='build', build_base='build', install_base='install', merge_install=False, symlink_install=False, test_result_base=None, continue_on_error=False, executor='parallel', parallel_workers=20, event_handlers=None, ignore_user_meta=False, metas=['./colcon.meta'], base_paths=['.'], packages_ignore=None, packages_ignore_regex=None, paths=None, packages_up_to=None, packages_up_to_regex=None, packages_above=None, packages_above_and_dependencies=None, packages_above_depth=None, packages_select_by_dep=None, packages_skip_by_dep=None, packages_skip_up_to=None, packages_select_build_failed=False, packages_skip_build_finished=False, packages_select_test_failures=False, packages_skip_test_passed=False, packages_select=['learning_based_vehicle_calibration'], packages_skip=None, packages_select_regex=None, packages_skip_regex=None, packages_start=None, packages_end=None, cmake_args=None, cmake_target=None, cmake_target_skip_unavailable=False, cmake_clean_cache=False, cmake_clean_first=False, cmake_force_configure=False, ament_cmake_args=None, catkin_cmake_args=None, catkin_skip_building_tests=False, verb_parser=<colcon_defaults.argument_parser.defaults.DefaultArgumentsDecorator object at 0x768ee044a940>, verb_extension=<colcon_core.verb.build.BuildVerb object at 0x768ee044a3d0>, main=<bound method BuildVerb.main of <colcon_core.verb.build.BuildVerb object at 0x768ee044a3d0>>)
[2.646s] Level 1:colcon.colcon_core.package_discovery:discover_packages(colcon_meta) check parameters
[2.646s] Level 1:colcon.colcon_core.package_discovery:discover_packages(recursive) check parameters
[2.646s] Level 1:colcon.colcon_core.package_discovery:discover_packages(ignore) check parameters
[2.646s] Level 1:colcon.colcon_core.package_discovery:discover_packages(path) check parameters
[2.646s] Level 1:colcon.colcon_core.package_discovery:discover_packages(colcon_meta) discover
[2.646s] Level 1:colcon.colcon_core.package_discovery:discover_packages(recursive) discover
[2.646s] INFO:colcon.colcon_core.package_discovery:Crawling recursively for packages in '/home/genesis/Desktop/calibration_ws/src/learning_based_vehicle_calibration'
[2.646s] Level 1:colcon.colcon_core.package_identification:_identify(.) by extensions ['ignore', 'ignore_ament_install']
[2.646s] Level 1:colcon.colcon_core.package_identification:_identify(.) by extension 'ignore'
[2.646s] Level 1:colcon.colcon_core.package_identification:_identify(.) by extension 'ignore_ament_install'
[2.647s] Level 1:colcon.colcon_core.package_identification:_identify(.) by extensions ['colcon_pkg']
[2.647s] Level 1:colcon.colcon_core.package_identification:_identify(.) by extension 'colcon_pkg'
[2.647s] Level 1:colcon.colcon_core.package_identification:_identify(.) by extensions ['colcon_meta']
[2.647s] Level 1:colcon.colcon_core.package_identification:_identify(.) by extension 'colcon_meta'
[2.647s] Level 1:colcon.colcon_core.package_identification:_identify(.) by extensions ['ros']
[2.647s] Level 1:colcon.colcon_core.package_identification:_identify(.) by extension 'ros'
[2.676s] DEBUG:colcon.colcon_core.package_identification:Package '.' with type 'ros.ament_cmake' and name 'learning_based_vehicle_calibration'
[2.677s] Level 1:colcon.colcon_core.package_discovery:discover_packages(recursive) using defaults
[2.677s] Level 1:colcon.colcon_core.package_discovery:discover_packages(ignore) discover
[2.677s] Level 1:colcon.colcon_core.package_discovery:discover_packages(ignore) using defaults
[2.677s] Level 1:colcon.colcon_core.package_discovery:discover_packages(path) discover
[2.677s] Level 1:colcon.colcon_core.package_discovery:discover_packages(path) using defaults
[2.761s] Level 5:colcon.colcon_core.verb:set package 'learning_based_vehicle_calibration' build argument 'cmake_args' from command line to 'None'
[2.761s] Level 5:colcon.colcon_core.verb:set package 'learning_based_vehicle_calibration' build argument 'cmake_target' from command line to 'None'
[2.761s] Level 5:colcon.colcon_core.verb:set package 'learning_based_vehicle_calibration' build argument 'cmake_target_skip_unavailable' from command line to 'False'
[2.761s] Level 5:colcon.colcon_core.verb:set package 'learning_based_vehicle_calibration' build argument 'cmake_clean_cache' from command line to 'False'
[2.761s] Level 5:colcon.colcon_core.verb:set package 'learning_based_vehicle_calibration' build argument 'cmake_clean_first' from command line to 'False'
[2.761s] Level 5:colcon.colcon_core.verb:set package 'learning_based_vehicle_calibration' build argument 'cmake_force_configure' from command line to 'False'
[2.761s] Level 5:colcon.colcon_core.verb:set package 'learning_based_vehicle_calibration' build argument 'ament_cmake_args' from command line to 'None'
[2.761s] Level 5:colcon.colcon_core.verb:set package 'learning_based_vehicle_calibration' build argument 'catkin_cmake_args' from command line to 'None'
[2.761s] Level 5:colcon.colcon_core.verb:set package 'learning_based_vehicle_calibration' build argument 'catkin_skip_building_tests' from command line to 'False'
[2.761s] DEBUG:colcon.colcon_core.verb:Building package 'learning_based_vehicle_calibration' with the following arguments: {'ament_cmake_args': None, 'build_base': '/home/genesis/Desktop/calibration_ws/src/learning_based_vehicle_calibration/build/learning_based_vehicle_calibration', 'catkin_cmake_args': None, 'catkin_skip_building_tests': False, 'cmake_args': None, 'cmake_clean_cache': False, 'cmake_clean_first': False, 'cmake_force_configure': False, 'cmake_target': None, 'cmake_target_skip_unavailable': False, 'install_base': '/home/genesis/Desktop/calibration_ws/src/learning_based_vehicle_calibration/install/learning_based_vehicle_calibration', 'merge_install': False, 'path': '/home/genesis/Desktop/calibration_ws/src/learning_based_vehicle_calibration', 'symlink_install': False, 'test_result_base': None}
[2.776s] INFO:colcon.colcon_core.executor:Executing jobs using 'parallel' executor
[2.791s] DEBUG:colcon.colcon_parallel_executor.executor.parallel:run_until_complete
[2.791s] INFO:colcon.colcon_ros.task.ament_cmake.build:Building ROS package in '/home/genesis/Desktop/calibration_ws/src/learning_based_vehicle_calibration' with build type 'ament_cmake'
[2.791s] INFO:colcon.colcon_cmake.task.cmake.build:Building CMake package in '/home/genesis/Desktop/calibration_ws/src/learning_based_vehicle_calibration'
[2.810s] INFO:colcon.colcon_core.plugin_system:Skipping extension 'colcon_core.shell.bat': Not used on non-Windows systems
[2.810s] INFO:colcon.colcon_core.shell:Skip shell extension 'powershell' for command environment: Not usable outside of PowerShell
[2.810s] DEBUG:colcon.colcon_core.shell:Skip shell extension 'dsv' for command environment
[2.848s] DEBUG:colcon.colcon_core.event_handler.log_command:Invoking command in '/home/genesis/Desktop/calibration_ws/src/learning_based_vehicle_calibration/build/learning_based_vehicle_calibration': CMAKE_PREFIX_PATH=/opt/ros/humble CONDA_PROMPT_MODIFIER=(base) /home/genesis/.local/bin/cmake /home/genesis/Desktop/calibration_ws/src/learning_based_vehicle_calibration -DCMAKE_INSTALL_PREFIX=/home/genesis/Desktop/calibration_ws/src/learning_based_vehicle_calibration/install/learning_based_vehicle_calibration
[5.537s] DEBUG:colcon.colcon_core.event_handler.log_command:Invoked command in '/home/genesis/Desktop/calibration_ws/src/learning_based_vehicle_calibration/build/learning_based_vehicle_calibration' returned '0': CMAKE_PREFIX_PATH=/opt/ros/humble CONDA_PROMPT_MODIFIER=(base) /home/genesis/.local/bin/cmake /home/genesis/Desktop/calibration_ws/src/learning_based_vehicle_calibration -DCMAKE_INSTALL_PREFIX=/home/genesis/Desktop/calibration_ws/src/learning_based_vehicle_calibration/install/learning_based_vehicle_calibration
[5.538s] DEBUG:colcon.colcon_core.event_handler.log_command:Invoking command in '/home/genesis/Desktop/calibration_ws/src/learning_based_vehicle_calibration/build/learning_based_vehicle_calibration': CMAKE_PREFIX_PATH=/opt/ros/humble CONDA_PROMPT_MODIFIER=(base) /home/genesis/.local/bin/cmake --build /home/genesis/Desktop/calibration_ws/src/learning_based_vehicle_calibration/build/learning_based_vehicle_calibration -- -j20 -l20
[6.733s] DEBUG:colcon.colcon_core.event_handler.log_command:Invoked command in '/home/genesis/Desktop/calibration_ws/src/learning_based_vehicle_calibration/build/learning_based_vehicle_calibration' returned '2': CMAKE_PREFIX_PATH=/opt/ros/humble CONDA_PROMPT_MODIFIER=(base) /home/genesis/.local/bin/cmake --build /home/genesis/Desktop/calibration_ws/src/learning_based_vehicle_calibration/build/learning_based_vehicle_calibration -- -j20 -l20
[6.818s] Level 1:colcon.colcon_core.environment:create_environment_scripts_only(learning_based_vehicle_calibration)
[6.838s] Level 1:colcon.colcon_core.environment:checking '/home/genesis/Desktop/calibration_ws/src/learning_based_vehicle_calibration/install/learning_based_vehicle_calibration' for CMake module files
[6.838s] Level 1:colcon.colcon_core.environment:checking '/home/genesis/Desktop/calibration_ws/src/learning_based_vehicle_calibration/install/learning_based_vehicle_calibration' for CMake config files
[6.839s] Level 1:colcon.colcon_core.environment:checking '/home/genesis/Desktop/calibration_ws/src/learning_based_vehicle_calibration/install/learning_based_vehicle_calibration/bin'
[6.839s] Level 1:colcon.colcon_core.environment:checking '/home/genesis/Desktop/calibration_ws/src/learning_based_vehicle_calibration/install/learning_based_vehicle_calibration/lib/pkgconfig/learning_based_vehicle_calibration.pc'
[6.840s] Level 1:colcon.colcon_core.environment:checking '/home/genesis/Desktop/calibration_ws/src/learning_based_vehicle_calibration/install/learning_based_vehicle_calibration/lib/python3.9/site-packages'
[6.840s] Level 1:colcon.colcon_core.environment:checking '/home/genesis/Desktop/calibration_ws/src/learning_based_vehicle_calibration/install/learning_based_vehicle_calibration/bin'
[6.855s] INFO:colcon.colcon_core.shell:Creating package script '/home/genesis/Desktop/calibration_ws/src/learning_based_vehicle_calibration/install/learning_based_vehicle_calibration/share/learning_based_vehicle_calibration/package.ps1'
[6.856s] INFO:colcon.colcon_core.shell:Creating package descriptor '/home/genesis/Desktop/calibration_ws/src/learning_based_vehicle_calibration/install/learning_based_vehicle_calibration/share/learning_based_vehicle_calibration/package.dsv'
[6.856s] INFO:colcon.colcon_core.shell:Creating package script '/home/genesis/Desktop/calibration_ws/src/learning_based_vehicle_calibration/install/learning_based_vehicle_calibration/share/learning_based_vehicle_calibration/package.sh'
[6.857s] INFO:colcon.colcon_core.shell:Creating package script '/home/genesis/Desktop/calibration_ws/src/learning_based_vehicle_calibration/install/learning_based_vehicle_calibration/share/learning_based_vehicle_calibration/package.bash'
[6.858s] INFO:colcon.colcon_core.shell:Creating package script '/home/genesis/Desktop/calibration_ws/src/learning_based_vehicle_calibration/install/learning_based_vehicle_calibration/share/learning_based_vehicle_calibration/package.zsh'
[6.858s] Level 1:colcon.colcon_core.environment:create_file_with_runtime_dependencies(/home/genesis/Desktop/calibration_ws/src/learning_based_vehicle_calibration/install/learning_based_vehicle_calibration/share/colcon-core/packages/learning_based_vehicle_calibration)
[6.869s] DEBUG:colcon.colcon_parallel_executor.executor.parallel:closing loop
[6.869s] DEBUG:colcon.colcon_parallel_executor.executor.parallel:loop closed
[6.869s] DEBUG:colcon.colcon_parallel_executor.executor.parallel:run_until_complete finished with '2'
[6.869s] DEBUG:colcon.colcon_core.event_reactor:joining thread
[6.887s] INFO:colcon.colcon_core.plugin_system:Skipping extension 'colcon_notification.desktop_notification.notify2': 'notify2' not found
[6.887s] INFO:colcon.colcon_core.plugin_system:Skipping extension 'colcon_notification.desktop_notification.terminal_notifier': Not used on non-Darwin systems
[6.887s] INFO:colcon.colcon_core.plugin_system:Skipping extension 'colcon_notification.desktop_notification.win32': Not used on non-Windows systems
[6.887s] INFO:colcon.colcon_notification.desktop_notification:Sending desktop notification using 'notify_send'
[6.902s] DEBUG:colcon.colcon_core.event_reactor:joined thread
[6.910s] INFO:colcon.colcon_core.shell:Creating prefix script '/home/genesis/Desktop/calibration_ws/src/learning_based_vehicle_calibration/install/local_setup.ps1'
[6.911s] INFO:colcon.colcon_core.shell:Creating prefix util module '/home/genesis/Desktop/calibration_ws/src/learning_based_vehicle_calibration/install/_local_setup_util_ps1.py'
[6.912s] INFO:colcon.colcon_core.shell:Creating prefix chain script '/home/genesis/Desktop/calibration_ws/src/learning_based_vehicle_calibration/install/setup.ps1'
[6.919s] INFO:colcon.colcon_core.shell:Creating prefix script '/home/genesis/Desktop/calibration_ws/src/learning_based_vehicle_calibration/install/local_setup.sh'
[6.920s] INFO:colcon.colcon_core.shell:Creating prefix util module '/home/genesis/Desktop/calibration_ws/src/learning_based_vehicle_calibration/install/_local_setup_util_sh.py'
[6.920s] INFO:colcon.colcon_core.shell:Creating prefix chain script '/home/genesis/Desktop/calibration_ws/src/learning_based_vehicle_calibration/install/setup.sh'
[6.928s] INFO:colcon.colcon_core.shell:Creating prefix script '/home/genesis/Desktop/calibration_ws/src/learning_based_vehicle_calibration/install/local_setup.bash'
[6.928s] INFO:colcon.colcon_core.shell:Creating prefix chain script '/home/genesis/Desktop/calibration_ws/src/learning_based_vehicle_calibration/install/setup.bash'
[6.936s] INFO:colcon.colcon_core.shell:Creating prefix script '/home/genesis/Desktop/calibration_ws/src/learning_based_vehicle_calibration/install/local_setup.zsh'
[6.936s] INFO:colcon.colcon_core.shell:Creating prefix chain script '/home/genesis/Desktop/calibration_ws/src/learning_based_vehicle_calibration/install/setup.zsh'
