-- The C compiler identification is GNU 11.4.0
-- The CXX compiler identification is GNU 11.4.0
-- Detecting C compiler ABI info
-- Detecting C compiler ABI info - done
-- Check for working C compiler: /usr/bin/cc - skipped
-- Detecting C compile features
-- Detecting C compile features - done
-- Detecting CXX compiler ABI info
-- Detecting CXX compiler ABI info - done
-- Check for working CXX compiler: /usr/bin/c++ - skipped
-- Detecting CXX compile features
-- Detecting CXX compile features - done
-- Found ament_cmake_auto: 1.3.6 (/opt/ros/humble/share/ament_cmake_auto/cmake)
-- Found Python3: /usr/bin/python3.10 (found version "3.10.12") found components: Interpreter 
-- Using all available rosidl_typesupport_c: rosidl_typesupport_fastrtps_c;rosidl_typesupport_introspection_c
-- Found rosidl_adapter: 3.1.5 (/opt/ros/humble/share/rosidl_adapter/cmake)
-- Using all available rosidl_typesupport_cpp: rosidl_typesupport_fastrtps_cpp;rosidl_typesupport_introspection_cpp
-- Found std_msgs: 4.2.3 (/opt/ros/humble/share/std_msgs/cmake)
-- Found ament_cmake_ros: 0.10.0 (/opt/ros/humble/share/ament_cmake_ros/cmake)
-- Using all available rosidl_typesupport_c: rosidl_typesupport_fastrtps_c;rosidl_typesupport_introspection_c
-- Using all available rosidl_typesupport_cpp: rosidl_typesupport_fastrtps_cpp;rosidl_typesupport_introspection_cpp
[33mCMake Warning (dev) at /opt/ros/humble/share/rosidl_generator_py/cmake/rosidl_generator_py_generate_interfaces.cmake:20 (find_package):
  Policy CMP0148 is not set: The FindPythonInterp and FindPythonLibs modules
  are removed.  Run "cmake --help-policy CMP0148" for policy details.  Use
  the cmake_policy command to set the policy and suppress this warning.

Call Stack (most recent call first):
  /opt/ros/humble/share/ament_cmake_core/cmake/core/ament_execute_extensions.cmake:48 (include)
  /opt/ros/humble/share/rosidl_cmake/cmake/rosidl_generate_interfaces.cmake:286 (ament_execute_extensions)
  CMakeLists.txt:32 (rosidl_generate_interfaces)
This warning is for project developers.  Use -Wno-dev to suppress it.
[0m
-- Found PythonInterp: /home/genesis/miniconda3/bin/python3 (found suitable version "3.9.18", minimum required is "3.6") 
-- Found python_cmake_module: 0.10.0 (/opt/ros/humble/share/python_cmake_module/cmake)
[33mCMake Warning (dev) at /opt/ros/humble/share/python_cmake_module/cmake/Modules/FindPythonExtra.cmake:52 (find_package):
  Policy CMP0148 is not set: The FindPythonInterp and FindPythonLibs modules
  are removed.  Run "cmake --help-policy CMP0148" for policy details.  Use
  the cmake_policy command to set the policy and suppress this warning.

Call Stack (most recent call first):
  /opt/ros/humble/share/rosidl_generator_py/cmake/rosidl_generator_py_generate_interfaces.cmake:23 (find_package)
  /opt/ros/humble/share/ament_cmake_core/cmake/core/ament_execute_extensions.cmake:48 (include)
  /opt/ros/humble/share/rosidl_cmake/cmake/rosidl_generate_interfaces.cmake:286 (ament_execute_extensions)
  CMakeLists.txt:32 (rosidl_generate_interfaces)
This warning is for project developers.  Use -Wno-dev to suppress it.
[0m
[33mCMake Warning (dev) at /opt/ros/humble/share/python_cmake_module/cmake/Modules/FindPythonExtra.cmake:140 (find_package):
  Policy CMP0148 is not set: The FindPythonInterp and FindPythonLibs modules
  are removed.  Run "cmake --help-policy CMP0148" for policy details.  Use
  the cmake_policy command to set the policy and suppress this warning.

Call Stack (most recent call first):
  /opt/ros/humble/share/rosidl_generator_py/cmake/rosidl_generator_py_generate_interfaces.cmake:23 (find_package)
  /opt/ros/humble/share/ament_cmake_core/cmake/core/ament_execute_extensions.cmake:48 (include)
  /opt/ros/humble/share/rosidl_cmake/cmake/rosidl_generate_interfaces.cmake:286 (ament_execute_extensions)
  CMakeLists.txt:32 (rosidl_generate_interfaces)
This warning is for project developers.  Use -Wno-dev to suppress it.
[0m
-- Found PythonLibs: /home/genesis/miniconda3/lib/libpython3.9.so (found suitable version "3.9.18", minimum required is "3.5") 
-- Using PYTHON_EXECUTABLE: /home/genesis/miniconda3/bin/python3
-- Using PYTHON_INCLUDE_DIRS: /home/genesis/miniconda3/include/python3.9
-- Using PYTHON_LIBRARIES: /home/genesis/miniconda3/lib/libpython3.9.so
-- Found PythonExtra: .so  
-- Using numpy include directory: /home/genesis/miniconda3/lib/python3.9/site-packages/numpy/core/include
-- Configuring done (2.5s)
-- Generating done (0.0s)
-- Build files have been written to: /home/genesis/Desktop/calibration_ws/src/learning_based_vehicle_calibration/build/learning_based_vehicle_calibration
[  1%] [34m[1mGenerating C code for ROS interfaces[0m
[  3%] [34m[1mGenerating C++ code for ROS interfaces[0m
[  3%] Built target ament_cmake_python_copy_learning_based_vehicle_calibration
running egg_info
creating learning_based_vehicle_calibration.egg-info
writing learning_based_vehicle_calibration.egg-info/PKG-INFO
writing dependency_links to learning_based_vehicle_calibration.egg-info/dependency_links.txt
writing top-level names to learning_based_vehicle_calibration.egg-info/top_level.txt
writing manifest file 'learning_based_vehicle_calibration.egg-info/SOURCES.txt'
reading manifest file 'learning_based_vehicle_calibration.egg-info/SOURCES.txt'
writing manifest file 'learning_based_vehicle_calibration.egg-info/SOURCES.txt'
[  3%] Built target ament_cmake_python_build_learning_based_vehicle_calibration_egg
[  3%] Built target learning_based_vehicle_calibration__cpp
[  5%] [34m[1mGenerating C++ type support dispatch for ROS interfaces[0m
[  7%] [34m[1mGenerating C++ type support for eProsima Fast-RTPS[0m
[  9%] [34m[1mGenerating C++ introspection for ROS interfaces[0m
[ 10%] [32mBuilding C object CMakeFiles/learning_based_vehicle_calibration__rosidl_generator_c.dir/rosidl_generator_c/learning_based_vehicle_calibration/msg/detail/longitudinal_progress__functions.c.o[0m
[ 12%] [32mBuilding C object CMakeFiles/learning_based_vehicle_calibration__rosidl_generator_c.dir/rosidl_generator_c/learning_based_vehicle_calibration/msg/detail/steering_progress__functions.c.o[0m
[ 14%] [32mBuilding C object CMakeFiles/learning_based_vehicle_calibration__rosidl_generator_c.dir/rosidl_generator_c/learning_based_vehicle_calibration/msg/detail/longitudinal_processes__functions.c.o[0m
[ 16%] [32mBuilding C object CMakeFiles/learning_based_vehicle_calibration__rosidl_generator_c.dir/rosidl_generator_c/learning_based_vehicle_calibration/msg/detail/steering_processes__functions.c.o[0m
[ 18%] [32m[1mLinking C shared library liblearning_based_vehicle_calibration__rosidl_generator_c.so[0m
[ 18%] Built target learning_based_vehicle_calibration__rosidl_generator_c
[ 20%] [34m[1mGenerating C type support for eProsima Fast-RTPS[0m
[ 21%] [34m[1mGenerating C introspection for ROS interfaces[0m
[ 23%] [34m[1mGenerating C type support dispatch for ROS interfaces[0m
[ 25%] [32mBuilding CXX object CMakeFiles/learning_based_vehicle_calibration__rosidl_typesupport_cpp.dir/rosidl_typesupport_cpp/learning_based_vehicle_calibration/msg/longitudinal_progress__type_support.cpp.o[0m
[ 27%] [32mBuilding CXX object CMakeFiles/learning_based_vehicle_calibration__rosidl_typesupport_cpp.dir/rosidl_typesupport_cpp/learning_based_vehicle_calibration/msg/steering_progress__type_support.cpp.o[0m
[ 29%] [32mBuilding CXX object CMakeFiles/learning_based_vehicle_calibration__rosidl_typesupport_cpp.dir/rosidl_typesupport_cpp/learning_based_vehicle_calibration/msg/longitudinal_processes__type_support.cpp.o[0m
[ 30%] [32mBuilding CXX object CMakeFiles/learning_based_vehicle_calibration__rosidl_typesupport_cpp.dir/rosidl_typesupport_cpp/learning_based_vehicle_calibration/msg/steering_processes__type_support.cpp.o[0m
[ 32%] [32mBuilding CXX object CMakeFiles/learning_based_vehicle_calibration__rosidl_typesupport_introspection_cpp.dir/rosidl_typesupport_introspection_cpp/learning_based_vehicle_calibration/msg/detail/longitudinal_progress__type_support.cpp.o[0m
[ 34%] [32mBuilding CXX object CMakeFiles/learning_based_vehicle_calibration__rosidl_typesupport_introspection_cpp.dir/rosidl_typesupport_introspection_cpp/learning_based_vehicle_calibration/msg/detail/steering_processes__type_support.cpp.o[0m
[ 36%] [32mBuilding CXX object CMakeFiles/learning_based_vehicle_calibration__rosidl_typesupport_introspection_cpp.dir/rosidl_typesupport_introspection_cpp/learning_based_vehicle_calibration/msg/detail/steering_progress__type_support.cpp.o[0m
[ 38%] [32mBuilding CXX object CMakeFiles/learning_based_vehicle_calibration__rosidl_typesupport_introspection_cpp.dir/rosidl_typesupport_introspection_cpp/learning_based_vehicle_calibration/msg/detail/longitudinal_processes__type_support.cpp.o[0m
[ 40%] [32mBuilding CXX object CMakeFiles/learning_based_vehicle_calibration__rosidl_typesupport_c.dir/rosidl_typesupport_c/learning_based_vehicle_calibration/msg/steering_progress__type_support.cpp.o[0m
[ 41%] [32mBuilding CXX object CMakeFiles/learning_based_vehicle_calibration__rosidl_typesupport_c.dir/rosidl_typesupport_c/learning_based_vehicle_calibration/msg/longitudinal_progress__type_support.cpp.o[0m
[ 43%] [32mBuilding CXX object CMakeFiles/learning_based_vehicle_calibration__rosidl_typesupport_c.dir/rosidl_typesupport_c/learning_based_vehicle_calibration/msg/longitudinal_processes__type_support.cpp.o[0m
[ 45%] [32mBuilding CXX object CMakeFiles/learning_based_vehicle_calibration__rosidl_typesupport_c.dir/rosidl_typesupport_c/learning_based_vehicle_calibration/msg/steering_processes__type_support.cpp.o[0m
[ 47%] [32m[1mLinking CXX shared library liblearning_based_vehicle_calibration__rosidl_typesupport_c.so[0m
[ 47%] Built target learning_based_vehicle_calibration__rosidl_typesupport_c
[ 50%] [32mBuilding C object CMakeFiles/learning_based_vehicle_calibration__rosidl_typesupport_introspection_c.dir/rosidl_typesupport_introspection_c/learning_based_vehicle_calibration/msg/detail/longitudinal_progress__type_support.c.o[0m
[ 50%] [32mBuilding C object CMakeFiles/learning_based_vehicle_calibration__rosidl_typesupport_introspection_c.dir/rosidl_typesupport_introspection_c/learning_based_vehicle_calibration/msg/detail/steering_progress__type_support.c.o[0m
[ 52%] [32mBuilding C object CMakeFiles/learning_based_vehicle_calibration__rosidl_typesupport_introspection_c.dir/rosidl_typesupport_introspection_c/learning_based_vehicle_calibration/msg/detail/longitudinal_processes__type_support.c.o[0m
[ 54%] [32mBuilding C object CMakeFiles/learning_based_vehicle_calibration__rosidl_typesupport_introspection_c.dir/rosidl_typesupport_introspection_c/learning_based_vehicle_calibration/msg/detail/steering_processes__type_support.c.o[0m
[ 56%] [32m[1mLinking C shared library liblearning_based_vehicle_calibration__rosidl_typesupport_introspection_c.so[0m
[ 56%] Built target learning_based_vehicle_calibration__rosidl_typesupport_introspection_c
[ 58%] [32mBuilding CXX object CMakeFiles/learning_based_vehicle_calibration__rosidl_typesupport_fastrtps_cpp.dir/rosidl_typesupport_fastrtps_cpp/learning_based_vehicle_calibration/msg/detail/dds_fastrtps/longitudinal_progress__type_support.cpp.o[0m
[ 60%] [32mBuilding CXX object CMakeFiles/learning_based_vehicle_calibration__rosidl_typesupport_fastrtps_cpp.dir/rosidl_typesupport_fastrtps_cpp/learning_based_vehicle_calibration/msg/detail/dds_fastrtps/steering_progress__type_support.cpp.o[0m
[ 63%] [32mBuilding CXX object CMakeFiles/learning_based_vehicle_calibration__rosidl_typesupport_fastrtps_cpp.dir/rosidl_typesupport_fastrtps_cpp/learning_based_vehicle_calibration/msg/detail/dds_fastrtps/longitudinal_processes__type_support.cpp.o[0m
[ 63%] [32mBuilding CXX object CMakeFiles/learning_based_vehicle_calibration__rosidl_typesupport_fastrtps_cpp.dir/rosidl_typesupport_fastrtps_cpp/learning_based_vehicle_calibration/msg/detail/dds_fastrtps/steering_processes__type_support.cpp.o[0m
[ 67%] [32mBuilding CXX object CMakeFiles/learning_based_vehicle_calibration__rosidl_typesupport_fastrtps_c.dir/rosidl_typesupport_fastrtps_c/learning_based_vehicle_calibration/msg/detail/steering_progress__type_support_c.cpp.o[0m
[ 67%] [32mBuilding CXX object CMakeFiles/learning_based_vehicle_calibration__rosidl_typesupport_fastrtps_c.dir/rosidl_typesupport_fastrtps_c/learning_based_vehicle_calibration/msg/detail/longitudinal_progress__type_support_c.cpp.o[0m
[ 69%] [32mBuilding CXX object CMakeFiles/learning_based_vehicle_calibration__rosidl_typesupport_fastrtps_c.dir/rosidl_typesupport_fastrtps_c/learning_based_vehicle_calibration/msg/detail/longitudinal_processes__type_support_c.cpp.o[0m
[ 70%] [32mBuilding CXX object CMakeFiles/learning_based_vehicle_calibration__rosidl_typesupport_fastrtps_c.dir/rosidl_typesupport_fastrtps_c/learning_based_vehicle_calibration/msg/detail/steering_processes__type_support_c.cpp.o[0m
[ 72%] [32m[1mLinking CXX shared library liblearning_based_vehicle_calibration__rosidl_typesupport_cpp.so[0m
[ 72%] Built target learning_based_vehicle_calibration__rosidl_typesupport_cpp
[ 74%] [32m[1mLinking CXX shared library liblearning_based_vehicle_calibration__rosidl_typesupport_introspection_cpp.so[0m
[ 74%] Built target learning_based_vehicle_calibration__rosidl_typesupport_introspection_cpp
[ 76%] [32m[1mLinking CXX shared library liblearning_based_vehicle_calibration__rosidl_typesupport_fastrtps_c.so[0m
[ 76%] Built target learning_based_vehicle_calibration__rosidl_typesupport_fastrtps_c
[ 78%] [32m[1mLinking CXX shared library liblearning_based_vehicle_calibration__rosidl_typesupport_fastrtps_cpp.so[0m
[ 78%] Built target learning_based_vehicle_calibration__rosidl_typesupport_fastrtps_cpp
[ 78%] Built target learning_based_vehicle_calibration
[ 80%] [34m[1mGenerating Python code for ROS interfaces[0m
Traceback (most recent call last):
  File "/opt/ros/humble/share/rosidl_generator_py/cmake/../../../lib/rosidl_generator_py/rosidl_generator_py", line 8, in <module>
    from rosidl_generator_py import generate_py
ImportError: cannot import name 'generate_py' from 'rosidl_generator_py' (/opt/ros/humble/local/lib/python3.10/dist-packages/rosidl_generator_py/__init__.py)
gmake[2]: *** [learning_based_vehicle_calibration__py/CMakeFiles/learning_based_vehicle_calibration__py.dir/build.make:132: rosidl_generator_py/learning_based_vehicle_calibration/_learning_based_vehicle_calibration_s.ep.rosidl_typesupport_fastrtps_c.c] Error 1
gmake[1]: *** [CMakeFiles/Makefile2:590: learning_based_vehicle_calibration__py/CMakeFiles/learning_based_vehicle_calibration__py.dir/all] Error 2
gmake: *** [Makefile:146: all] Error 2
