[0.057s] Invoking command in '/home/genesis/Desktop/calibration_ws/src/learning_based_vehicle_calibration/build/learning_based_vehicle_calibration': CMAKE_PREFIX_PATH=/opt/ros/humble CONDA_PROMPT_MODIFIER=(base) /home/genesis/.local/bin/cmake /home/genesis/Desktop/calibration_ws/src/learning_based_vehicle_calibration -DCMAKE_INSTALL_PREFIX=/home/genesis/Desktop/calibration_ws/src/learning_based_vehicle_calibration/install/learning_based_vehicle_calibration
[0.305s] -- The C compiler identification is GNU 11.4.0
[0.427s] -- The CXX compiler identification is GNU 11.4.0
[0.443s] -- Detecting C compiler ABI info
[0.494s] -- Detecting C compiler ABI info - done
[0.505s] -- Check for working C compiler: /usr/bin/cc - skipped
[0.505s] -- Detecting C compile features
[0.506s] -- Detecting C compile features - done
[0.513s] -- Detecting CXX compiler ABI info
[0.561s] -- Detecting CXX compiler ABI info - done
[0.573s] -- Check for working CXX compiler: /usr/bin/c++ - skipped
[0.573s] -- Detecting CXX compile features
[0.574s] -- Detecting CXX compile features - done
[0.577s] -- Found ament_cmake_auto: 1.3.6 (/opt/ros/humble/share/ament_cmake_auto/cmake)
[1.117s] -- Found Python3: /usr/bin/python3.10 (found version "3.10.12") found components: Interpreter 
[1.227s] -- Using all available rosidl_typesupport_c: rosidl_typesupport_fastrtps_c;rosidl_typesupport_introspection_c
[1.233s] -- Found rosidl_adapter: 3.1.5 (/opt/ros/humble/share/rosidl_adapter/cmake)
[1.271s] -- Using all available rosidl_typesupport_cpp: rosidl_typesupport_fastrtps_cpp;rosidl_typesupport_introspection_cpp
[1.304s] -- Found std_msgs: 4.2.3 (/opt/ros/humble/share/std_msgs/cmake)
[1.577s] -- Found ament_cmake_ros: 0.10.0 (/opt/ros/humble/share/ament_cmake_ros/cmake)
[1.843s] -- Using all available rosidl_typesupport_c: rosidl_typesupport_fastrtps_c;rosidl_typesupport_introspection_c
[2.212s] -- Using all available rosidl_typesupport_cpp: rosidl_typesupport_fastrtps_cpp;rosidl_typesupport_introspection_cpp
[2.214s] [33mCMake Warning (dev) at /opt/ros/humble/share/rosidl_generator_py/cmake/rosidl_generator_py_generate_interfaces.cmake:20 (find_package):
[2.214s]   Policy CMP0148 is not set: The FindPythonInterp and FindPythonLibs modules
[2.214s]   are removed.  Run "cmake --help-policy CMP0148" for policy details.  Use
[2.214s]   the cmake_policy command to set the policy and suppress this warning.
[2.214s] 
[2.214s] Call Stack (most recent call first):
[2.214s]   /opt/ros/humble/share/ament_cmake_core/cmake/core/ament_execute_extensions.cmake:48 (include)
[2.214s]   /opt/ros/humble/share/rosidl_cmake/cmake/rosidl_generate_interfaces.cmake:286 (ament_execute_extensions)
[2.214s]   CMakeLists.txt:32 (rosidl_generate_interfaces)
[2.215s] This warning is for project developers.  Use -Wno-dev to suppress it.
[2.215s] [0m
[2.232s] -- Found PythonInterp: /home/genesis/miniconda3/bin/python3 (found suitable version "3.9.18", minimum required is "3.6") 
[2.233s] -- Found python_cmake_module: 0.10.0 (/opt/ros/humble/share/python_cmake_module/cmake)
[2.234s] [33mCMake Warning (dev) at /opt/ros/humble/share/python_cmake_module/cmake/Modules/FindPythonExtra.cmake:52 (find_package):
[2.234s]   Policy CMP0148 is not set: The FindPythonInterp and FindPythonLibs modules
[2.234s]   are removed.  Run "cmake --help-policy CMP0148" for policy details.  Use
[2.234s]   the cmake_policy command to set the policy and suppress this warning.
[2.234s] 
[2.234s] Call Stack (most recent call first):
[2.234s]   /opt/ros/humble/share/rosidl_generator_py/cmake/rosidl_generator_py_generate_interfaces.cmake:23 (find_package)
[2.234s]   /opt/ros/humble/share/ament_cmake_core/cmake/core/ament_execute_extensions.cmake:48 (include)
[2.234s]   /opt/ros/humble/share/rosidl_cmake/cmake/rosidl_generate_interfaces.cmake:286 (ament_execute_extensions)
[2.234s]   CMakeLists.txt:32 (rosidl_generate_interfaces)
[2.234s] This warning is for project developers.  Use -Wno-dev to suppress it.
[2.234s] [0m
[2.252s] [33mCMake Warning (dev) at /opt/ros/humble/share/python_cmake_module/cmake/Modules/FindPythonExtra.cmake:140 (find_package):
[2.252s]   Policy CMP0148 is not set: The FindPythonInterp and FindPythonLibs modules
[2.252s]   are removed.  Run "cmake --help-policy CMP0148" for policy details.  Use
[2.252s]   the cmake_policy command to set the policy and suppress this warning.
[2.252s] 
[2.252s] Call Stack (most recent call first):
[2.252s]   /opt/ros/humble/share/rosidl_generator_py/cmake/rosidl_generator_py_generate_interfaces.cmake:23 (find_package)
[2.252s]   /opt/ros/humble/share/ament_cmake_core/cmake/core/ament_execute_extensions.cmake:48 (include)
[2.252s]   /opt/ros/humble/share/rosidl_cmake/cmake/rosidl_generate_interfaces.cmake:286 (ament_execute_extensions)
[2.252s]   CMakeLists.txt:32 (rosidl_generate_interfaces)
[2.252s] This warning is for project developers.  Use -Wno-dev to suppress it.
[2.252s] [0m
[2.255s] -- Found PythonLibs: /home/genesis/miniconda3/lib/libpython3.9.so (found suitable version "3.9.18", minimum required is "3.5") 
[2.255s] -- Using PYTHON_EXECUTABLE: /home/genesis/miniconda3/bin/python3
[2.255s] -- Using PYTHON_INCLUDE_DIRS: /home/genesis/miniconda3/include/python3.9
[2.255s] -- Using PYTHON_LIBRARIES: /home/genesis/miniconda3/lib/libpython3.9.so
[2.274s] -- Found PythonExtra: .so  
[2.696s] -- Using numpy include directory: /home/genesis/miniconda3/lib/python3.9/site-packages/numpy/core/include
[2.709s] -- Configuring done (2.5s)
[2.735s] -- Generating done (0.0s)
[2.737s] -- Build files have been written to: /home/genesis/Desktop/calibration_ws/src/learning_based_vehicle_calibration/build/learning_based_vehicle_calibration
[2.746s] Invoked command in '/home/genesis/Desktop/calibration_ws/src/learning_based_vehicle_calibration/build/learning_based_vehicle_calibration' returned '0': CMAKE_PREFIX_PATH=/opt/ros/humble CONDA_PROMPT_MODIFIER=(base) /home/genesis/.local/bin/cmake /home/genesis/Desktop/calibration_ws/src/learning_based_vehicle_calibration -DCMAKE_INSTALL_PREFIX=/home/genesis/Desktop/calibration_ws/src/learning_based_vehicle_calibration/install/learning_based_vehicle_calibration
[2.747s] Invoking command in '/home/genesis/Desktop/calibration_ws/src/learning_based_vehicle_calibration/build/learning_based_vehicle_calibration': CMAKE_PREFIX_PATH=/opt/ros/humble CONDA_PROMPT_MODIFIER=(base) /home/genesis/.local/bin/cmake --build /home/genesis/Desktop/calibration_ws/src/learning_based_vehicle_calibration/build/learning_based_vehicle_calibration -- -j20 -l20
[2.772s] [  1%] [34m[1mGenerating C code for ROS interfaces[0m
[2.774s] [  3%] [34m[1mGenerating C++ code for ROS interfaces[0m
[2.776s] [  3%] Built target ament_cmake_python_copy_learning_based_vehicle_calibration
[2.909s] running egg_info
[2.910s] creating learning_based_vehicle_calibration.egg-info
[2.920s] writing learning_based_vehicle_calibration.egg-info/PKG-INFO
[2.920s] writing dependency_links to learning_based_vehicle_calibration.egg-info/dependency_links.txt
[2.920s] writing top-level names to learning_based_vehicle_calibration.egg-info/top_level.txt
[2.920s] writing manifest file 'learning_based_vehicle_calibration.egg-info/SOURCES.txt'
[2.951s] reading manifest file 'learning_based_vehicle_calibration.egg-info/SOURCES.txt'
[2.951s] writing manifest file 'learning_based_vehicle_calibration.egg-info/SOURCES.txt'
[2.965s] [  3%] Built target ament_cmake_python_build_learning_based_vehicle_calibration_egg
[2.992s] [  3%] Built target learning_based_vehicle_calibration__cpp
[2.995s] [  5%] [34m[1mGenerating C++ type support dispatch for ROS interfaces[0m
[2.995s] [  7%] [34m[1mGenerating C++ type support for eProsima Fast-RTPS[0m
[2.995s] [  9%] [34m[1mGenerating C++ introspection for ROS interfaces[0m
[3.004s] [ 10%] [32mBuilding C object CMakeFiles/learning_based_vehicle_calibration__rosidl_generator_c.dir/rosidl_generator_c/learning_based_vehicle_calibration/msg/detail/longitudinal_progress__functions.c.o[0m
[3.004s] [ 12%] [32mBuilding C object CMakeFiles/learning_based_vehicle_calibration__rosidl_generator_c.dir/rosidl_generator_c/learning_based_vehicle_calibration/msg/detail/steering_progress__functions.c.o[0m
[3.004s] [ 14%] [32mBuilding C object CMakeFiles/learning_based_vehicle_calibration__rosidl_generator_c.dir/rosidl_generator_c/learning_based_vehicle_calibration/msg/detail/longitudinal_processes__functions.c.o[0m
[3.005s] [ 16%] [32mBuilding C object CMakeFiles/learning_based_vehicle_calibration__rosidl_generator_c.dir/rosidl_generator_c/learning_based_vehicle_calibration/msg/detail/steering_processes__functions.c.o[0m
[3.050s] [ 18%] [32m[1mLinking C shared library liblearning_based_vehicle_calibration__rosidl_generator_c.so[0m
[3.069s] [ 18%] Built target learning_based_vehicle_calibration__rosidl_generator_c
[3.072s] [ 20%] [34m[1mGenerating C type support for eProsima Fast-RTPS[0m
[3.072s] [ 21%] [34m[1mGenerating C introspection for ROS interfaces[0m
[3.073s] [ 23%] [34m[1mGenerating C type support dispatch for ROS interfaces[0m
[3.183s] [ 25%] [32mBuilding CXX object CMakeFiles/learning_based_vehicle_calibration__rosidl_typesupport_cpp.dir/rosidl_typesupport_cpp/learning_based_vehicle_calibration/msg/longitudinal_progress__type_support.cpp.o[0m
[3.184s] [ 27%] [32mBuilding CXX object CMakeFiles/learning_based_vehicle_calibration__rosidl_typesupport_cpp.dir/rosidl_typesupport_cpp/learning_based_vehicle_calibration/msg/steering_progress__type_support.cpp.o[0m
[3.184s] [ 29%] [32mBuilding CXX object CMakeFiles/learning_based_vehicle_calibration__rosidl_typesupport_cpp.dir/rosidl_typesupport_cpp/learning_based_vehicle_calibration/msg/longitudinal_processes__type_support.cpp.o[0m
[3.184s] [ 30%] [32mBuilding CXX object CMakeFiles/learning_based_vehicle_calibration__rosidl_typesupport_cpp.dir/rosidl_typesupport_cpp/learning_based_vehicle_calibration/msg/steering_processes__type_support.cpp.o[0m
[3.197s] [ 32%] [32mBuilding CXX object CMakeFiles/learning_based_vehicle_calibration__rosidl_typesupport_introspection_cpp.dir/rosidl_typesupport_introspection_cpp/learning_based_vehicle_calibration/msg/detail/longitudinal_progress__type_support.cpp.o[0m
[3.198s] [ 34%] [32mBuilding CXX object CMakeFiles/learning_based_vehicle_calibration__rosidl_typesupport_introspection_cpp.dir/rosidl_typesupport_introspection_cpp/learning_based_vehicle_calibration/msg/detail/steering_processes__type_support.cpp.o[0m
[3.198s] [ 36%] [32mBuilding CXX object CMakeFiles/learning_based_vehicle_calibration__rosidl_typesupport_introspection_cpp.dir/rosidl_typesupport_introspection_cpp/learning_based_vehicle_calibration/msg/detail/steering_progress__type_support.cpp.o[0m
[3.198s] [ 38%] [32mBuilding CXX object CMakeFiles/learning_based_vehicle_calibration__rosidl_typesupport_introspection_cpp.dir/rosidl_typesupport_introspection_cpp/learning_based_vehicle_calibration/msg/detail/longitudinal_processes__type_support.cpp.o[0m
[3.258s] [ 40%] [32mBuilding CXX object CMakeFiles/learning_based_vehicle_calibration__rosidl_typesupport_c.dir/rosidl_typesupport_c/learning_based_vehicle_calibration/msg/steering_progress__type_support.cpp.o[0m
[3.258s] [ 41%] [32mBuilding CXX object CMakeFiles/learning_based_vehicle_calibration__rosidl_typesupport_c.dir/rosidl_typesupport_c/learning_based_vehicle_calibration/msg/longitudinal_progress__type_support.cpp.o[0m
[3.258s] [ 43%] [32mBuilding CXX object CMakeFiles/learning_based_vehicle_calibration__rosidl_typesupport_c.dir/rosidl_typesupport_c/learning_based_vehicle_calibration/msg/longitudinal_processes__type_support.cpp.o[0m
[3.259s] [ 45%] [32mBuilding CXX object CMakeFiles/learning_based_vehicle_calibration__rosidl_typesupport_c.dir/rosidl_typesupport_c/learning_based_vehicle_calibration/msg/steering_processes__type_support.cpp.o[0m
[3.282s] [ 47%] [32m[1mLinking CXX shared library liblearning_based_vehicle_calibration__rosidl_typesupport_c.so[0m
[3.305s] [ 47%] Built target learning_based_vehicle_calibration__rosidl_typesupport_c
[3.309s] [ 50%] [32mBuilding C object CMakeFiles/learning_based_vehicle_calibration__rosidl_typesupport_introspection_c.dir/rosidl_typesupport_introspection_c/learning_based_vehicle_calibration/msg/detail/longitudinal_progress__type_support.c.o[0m
[3.309s] [ 50%] [32mBuilding C object CMakeFiles/learning_based_vehicle_calibration__rosidl_typesupport_introspection_c.dir/rosidl_typesupport_introspection_c/learning_based_vehicle_calibration/msg/detail/steering_progress__type_support.c.o[0m
[3.310s] [ 52%] [32mBuilding C object CMakeFiles/learning_based_vehicle_calibration__rosidl_typesupport_introspection_c.dir/rosidl_typesupport_introspection_c/learning_based_vehicle_calibration/msg/detail/longitudinal_processes__type_support.c.o[0m
[3.310s] [ 54%] [32mBuilding C object CMakeFiles/learning_based_vehicle_calibration__rosidl_typesupport_introspection_c.dir/rosidl_typesupport_introspection_c/learning_based_vehicle_calibration/msg/detail/steering_processes__type_support.c.o[0m
[3.344s] [ 56%] [32m[1mLinking C shared library liblearning_based_vehicle_calibration__rosidl_typesupport_introspection_c.so[0m
[3.359s] [ 56%] Built target learning_based_vehicle_calibration__rosidl_typesupport_introspection_c
[3.375s] [ 58%] [32mBuilding CXX object CMakeFiles/learning_based_vehicle_calibration__rosidl_typesupport_fastrtps_cpp.dir/rosidl_typesupport_fastrtps_cpp/learning_based_vehicle_calibration/msg/detail/dds_fastrtps/longitudinal_progress__type_support.cpp.o[0m
[3.376s] [ 60%] [32mBuilding CXX object CMakeFiles/learning_based_vehicle_calibration__rosidl_typesupport_fastrtps_cpp.dir/rosidl_typesupport_fastrtps_cpp/learning_based_vehicle_calibration/msg/detail/dds_fastrtps/steering_progress__type_support.cpp.o[0m
[3.376s] [ 63%] [32mBuilding CXX object CMakeFiles/learning_based_vehicle_calibration__rosidl_typesupport_fastrtps_cpp.dir/rosidl_typesupport_fastrtps_cpp/learning_based_vehicle_calibration/msg/detail/dds_fastrtps/longitudinal_processes__type_support.cpp.o[0m
[3.376s] [ 63%] [32mBuilding CXX object CMakeFiles/learning_based_vehicle_calibration__rosidl_typesupport_fastrtps_cpp.dir/rosidl_typesupport_fastrtps_cpp/learning_based_vehicle_calibration/msg/detail/dds_fastrtps/steering_processes__type_support.cpp.o[0m
[3.381s] [ 67%] [32mBuilding CXX object CMakeFiles/learning_based_vehicle_calibration__rosidl_typesupport_fastrtps_c.dir/rosidl_typesupport_fastrtps_c/learning_based_vehicle_calibration/msg/detail/steering_progress__type_support_c.cpp.o[0m
[3.381s] [ 67%] [32mBuilding CXX object CMakeFiles/learning_based_vehicle_calibration__rosidl_typesupport_fastrtps_c.dir/rosidl_typesupport_fastrtps_c/learning_based_vehicle_calibration/msg/detail/longitudinal_progress__type_support_c.cpp.o[0m
[3.381s] [ 69%] [32mBuilding CXX object CMakeFiles/learning_based_vehicle_calibration__rosidl_typesupport_fastrtps_c.dir/rosidl_typesupport_fastrtps_c/learning_based_vehicle_calibration/msg/detail/longitudinal_processes__type_support_c.cpp.o[0m
[3.381s] [ 70%] [32mBuilding CXX object CMakeFiles/learning_based_vehicle_calibration__rosidl_typesupport_fastrtps_c.dir/rosidl_typesupport_fastrtps_c/learning_based_vehicle_calibration/msg/detail/steering_processes__type_support_c.cpp.o[0m
[3.515s] [ 72%] [32m[1mLinking CXX shared library liblearning_based_vehicle_calibration__rosidl_typesupport_cpp.so[0m
[3.538s] [ 72%] Built target learning_based_vehicle_calibration__rosidl_typesupport_cpp
[3.682s] [ 74%] [32m[1mLinking CXX shared library liblearning_based_vehicle_calibration__rosidl_typesupport_introspection_cpp.so[0m
[3.727s] [ 74%] Built target learning_based_vehicle_calibration__rosidl_typesupport_introspection_cpp
[3.761s] [ 76%] [32m[1mLinking CXX shared library liblearning_based_vehicle_calibration__rosidl_typesupport_fastrtps_c.so[0m
[3.801s] [ 76%] Built target learning_based_vehicle_calibration__rosidl_typesupport_fastrtps_c
[3.850s] [ 78%] [32m[1mLinking CXX shared library liblearning_based_vehicle_calibration__rosidl_typesupport_fastrtps_cpp.so[0m
[3.889s] [ 78%] Built target learning_based_vehicle_calibration__rosidl_typesupport_fastrtps_cpp
[3.895s] [ 78%] Built target learning_based_vehicle_calibration
[3.901s] [ 80%] [34m[1mGenerating Python code for ROS interfaces[0m
[3.932s] Traceback (most recent call last):
[3.932s]   File "/opt/ros/humble/share/rosidl_generator_py/cmake/../../../lib/rosidl_generator_py/rosidl_generator_py", line 8, in <module>
[3.932s]     from rosidl_generator_py import generate_py
[3.932s] ImportError: cannot import name 'generate_py' from 'rosidl_generator_py' (/opt/ros/humble/local/lib/python3.10/dist-packages/rosidl_generator_py/__init__.py)
[3.936s] gmake[2]: *** [learning_based_vehicle_calibration__py/CMakeFiles/learning_based_vehicle_calibration__py.dir/build.make:132: rosidl_generator_py/learning_based_vehicle_calibration/_learning_based_vehicle_calibration_s.ep.rosidl_typesupport_fastrtps_c.c] Error 1
[3.936s] gmake[1]: *** [CMakeFiles/Makefile2:590: learning_based_vehicle_calibration__py/CMakeFiles/learning_based_vehicle_calibration__py.dir/all] Error 2
[3.936s] gmake: *** [Makefile:146: all] Error 2
[3.942s] Invoked command in '/home/genesis/Desktop/calibration_ws/src/learning_based_vehicle_calibration/build/learning_based_vehicle_calibration' returned '2': CMAKE_PREFIX_PATH=/opt/ros/humble CONDA_PROMPT_MODIFIER=(base) /home/genesis/.local/bin/cmake --build /home/genesis/Desktop/calibration_ws/src/learning_based_vehicle_calibration/build/learning_based_vehicle_calibration -- -j20 -l20
